camp/Library/Bee/Android/Prj/IL2CPP/Gradle/unityLibrary/build/intermediates/manifest_merge_blame_file/release/processReleaseManifest/manifest-merger-blame-release-report.txt
1<?xml version="1.0" encoding="utf-8"?>
2<manifest xmlns:android="http://schemas.android.com/apk/res/android"
3    xmlns:tools="http://schemas.android.com/tools"
4    package="com.unity3d.player"
5    android:installLocation="auto" >
6
7    <uses-sdk android:minSdkVersion="24" />
8
9    <uses-permission android:name="android.permission.INTERNET" />
9-->src/main/AndroidManifest.xml:3:3-65
9-->src/main/AndroidManifest.xml:3:20-62
10
11    <uses-feature android:glEsVersion="0x00030000" />
11-->src/main/AndroidManifest.xml:4:3-52
11-->src/main/AndroidManifest.xml:4:17-49
12    <uses-feature
12-->src/main/AndroidManifest.xml:5:3-91
13        android:name="android.hardware.vulkan.version"
13-->src/main/AndroidManifest.xml:5:17-63
14        android:required="false" />
14-->src/main/AndroidManifest.xml:5:64-88
15    <uses-feature
15-->src/main/AndroidManifest.xml:6:3-88
16        android:name="android.hardware.touchscreen"
16-->src/main/AndroidManifest.xml:6:17-60
17        android:required="false" />
17-->src/main/AndroidManifest.xml:6:61-85
18    <uses-feature
18-->src/main/AndroidManifest.xml:7:3-99
19        android:name="android.hardware.touchscreen.multitouch"
19-->src/main/AndroidManifest.xml:7:17-71
20        android:required="false" />
20-->src/main/AndroidManifest.xml:7:72-96
21    <uses-feature
21-->src/main/AndroidManifest.xml:8:3-108
22        android:name="android.hardware.touchscreen.multitouch.distinct"
22-->src/main/AndroidManifest.xml:8:17-80
23        android:required="false" />
23-->src/main/AndroidManifest.xml:8:81-105
24    <uses-feature
24-->src/main/AndroidManifest.xml:37:3-111
25        android:name="android.hardware.vr.headtracking"
25-->src/main/AndroidManifest.xml:37:17-64
26        android:required="true"
26-->src/main/AndroidManifest.xml:37:65-88
27        android:version="1" />
27-->src/main/AndroidManifest.xml:37:89-108
28
29    <application
29-->src/main/AndroidManifest.xml:9:3-36:17
30        android:enableOnBackInvokedCallback="false"
30-->src/main/AndroidManifest.xml:9:16-59
31        android:extractNativeLibs="true" >
31-->src/main/AndroidManifest.xml:9:60-92
32        <meta-data
32-->src/main/AndroidManifest.xml:10:5-69
33            android:name="unity.splash-mode"
33-->src/main/AndroidManifest.xml:10:16-48
34            android:value="0" />
34-->src/main/AndroidManifest.xml:10:49-66
35        <meta-data
35-->src/main/AndroidManifest.xml:11:5-74
36            android:name="unity.splash-enable"
36-->src/main/AndroidManifest.xml:11:16-50
37            android:value="True" />
37-->src/main/AndroidManifest.xml:11:51-71
38        <meta-data
38-->src/main/AndroidManifest.xml:12:5-78
39            android:name="unity.launch-fullscreen"
39-->src/main/AndroidManifest.xml:12:16-54
40            android:value="True" />
40-->src/main/AndroidManifest.xml:12:55-75
41        <meta-data
41-->src/main/AndroidManifest.xml:13:5-84
42            android:name="unity.render-outside-safearea"
42-->src/main/AndroidManifest.xml:13:16-60
43            android:value="True" />
43-->src/main/AndroidManifest.xml:13:61-81
44        <meta-data
44-->src/main/AndroidManifest.xml:14:5-81
45            android:name="notch.config"
45-->src/main/AndroidManifest.xml:14:16-43
46            android:value="portrait|landscape" />
46-->src/main/AndroidManifest.xml:14:44-78
47        <meta-data
47-->src/main/AndroidManifest.xml:15:5-84
48            android:name="unity.auto-report-fully-drawn"
48-->src/main/AndroidManifest.xml:15:16-60
49            android:value="true" />
49-->src/main/AndroidManifest.xml:15:61-81
50        <meta-data
50-->src/main/AndroidManifest.xml:16:5-80
51            android:name="unity.auto-set-game-state"
51-->src/main/AndroidManifest.xml:16:16-56
52            android:value="true" />
52-->src/main/AndroidManifest.xml:16:57-77
53        <meta-data
53-->src/main/AndroidManifest.xml:17:5-78
54            android:name="unity.strip-engine-code"
54-->src/main/AndroidManifest.xml:17:16-54
55            android:value="true" />
55-->src/main/AndroidManifest.xml:17:55-75
56
57        <activity
57-->src/main/AndroidManifest.xml:18:5-30:16
58            android:name="com.unity3d.player.UnityPlayerGameActivity"
58-->src/main/AndroidManifest.xml:18:240-297
59            android:configChanges="keyboard|keyboardHidden|navigation|orientation|screenLayout|screenSize|uiMode|density"
59-->src/main/AndroidManifest.xml:18:15-124
60            android:enabled="true"
60-->src/main/AndroidManifest.xml:18:125-147
61            android:exported="true"
61-->src/main/AndroidManifest.xml:18:148-171
62            android:hardwareAccelerated="false"
62-->src/main/AndroidManifest.xml:18:172-207
63            android:launchMode="singleTask"
63-->src/main/AndroidManifest.xml:18:208-239
64            android:resizeableActivity="false"
64-->src/main/AndroidManifest.xml:18:298-332
65            android:screenOrientation="landscape"
65-->src/main/AndroidManifest.xml:18:333-370
66            android:theme="@style/BaseUnityGameActivityTheme" >
66-->src/main/AndroidManifest.xml:18:371-420
67            <intent-filter>
67-->src/main/AndroidManifest.xml:19:7-23:23
68                <category android:name="android.intent.category.LAUNCHER" />
68-->src/main/AndroidManifest.xml:20:9-69
68-->src/main/AndroidManifest.xml:20:19-66
69
70                <action android:name="android.intent.action.MAIN" />
70-->src/main/AndroidManifest.xml:21:9-61
70-->src/main/AndroidManifest.xml:21:17-58
71
72                <category android:name="com.oculus.intent.category.VR" />
72-->src/main/AndroidManifest.xml:22:9-66
72-->src/main/AndroidManifest.xml:22:19-63
73            </intent-filter>
74
75            <meta-data
75-->src/main/AndroidManifest.xml:24:7-82
76                android:name="unityplayer.UnityActivity"
76-->src/main/AndroidManifest.xml:24:18-58
77                android:value="true" />
77-->src/main/AndroidManifest.xml:24:59-79
78            <meta-data
78-->src/main/AndroidManifest.xml:25:7-77
79                android:name="android.app.lib_name"
79-->src/main/AndroidManifest.xml:25:18-53
80                android:value="game" />
80-->src/main/AndroidManifest.xml:25:54-74
81            <meta-data
81-->src/main/AndroidManifest.xml:26:7-130
82                android:name="WindowManagerPreference:FreeformWindowSize"
82-->src/main/AndroidManifest.xml:26:18-75
83                android:value="@string/FreeformWindowSize_maximize" />
83-->src/main/AndroidManifest.xml:26:76-127
84            <meta-data
84-->src/main/AndroidManifest.xml:27:7-145
85                android:name="WindowManagerPreference:FreeformWindowOrientation"
85-->src/main/AndroidManifest.xml:27:18-82
86                android:value="@string/FreeformWindowOrientation_landscape" />
86-->src/main/AndroidManifest.xml:27:83-142
87            <meta-data
87-->src/main/AndroidManifest.xml:28:7-70
88                android:name="notch_support"
88-->src/main/AndroidManifest.xml:28:18-46
89                android:value="true" />
89-->src/main/AndroidManifest.xml:28:47-67
90            <meta-data
90-->src/main/AndroidManifest.xml:29:7-81
91                android:name="com.oculus.vr.focusaware"
91-->src/main/AndroidManifest.xml:29:18-57
92                android:value="true" />
92-->src/main/AndroidManifest.xml:29:58-78
93        </activity>
94
95        <meta-data
95-->src/main/AndroidManifest.xml:31:5-97
96            android:name="com.samsung.android.vr.application.mode"
96-->src/main/AndroidManifest.xml:31:16-70
97            android:value="vr_only" />
97-->src/main/AndroidManifest.xml:31:71-94
98        <meta-data
98-->src/main/AndroidManifest.xml:32:5-91
99            android:name="com.unity.xr.oculus.LowOverheadMode"
99-->src/main/AndroidManifest.xml:32:16-66
100            android:value="false" />
100-->src/main/AndroidManifest.xml:32:67-88
101        <meta-data
101-->src/main/AndroidManifest.xml:33:5-88
102            android:name="com.unity.xr.oculus.LateLatching"
102-->src/main/AndroidManifest.xml:33:16-63
103            android:value="false" />
103-->src/main/AndroidManifest.xml:33:64-85
104        <meta-data
104-->src/main/AndroidManifest.xml:34:5-93
105            android:name="com.unity.xr.oculus.LateLatchingDebug"
105-->src/main/AndroidManifest.xml:34:16-68
106            android:value="false" />
106-->src/main/AndroidManifest.xml:34:69-90
107        <meta-data
107-->src/main/AndroidManifest.xml:35:5-84
108            android:name="com.oculus.supportedDevices"
108-->src/main/AndroidManifest.xml:35:16-58
109            android:value="quest2" />
109-->src/main/AndroidManifest.xml:35:59-81
110    </application>
111
112</manifest>